<?xml version="1.0" ?>
<testsuite name="TestServices.UserTestCase-20240411100528" tests="1" time="0.031" failures="0" errors="1">
	<testcase classname="TestServices.UserTestCase" name="test_register_user" time="0.031">
		<error type="RuntimeError" message="Working outside of application context.

This typically means that you attempted to use functionality that needed
the current application. To solve this, set up an application context
with app.app_context(). See the documentation for more information."><![CDATA[Traceback (most recent call last):
  File "C:\Users\Omistaja\PycharmProjects\MLEngine3\backend\tests\TestServices.py", line 40, in test_register_user
    user = User.query.filter_by(email='john.doe@example.com').first()
           ^^^^^^^^^^
  File "C:\Users\Omistaja\PycharmProjects\MLEngine3\.venv\Lib\site-packages\flask_sqlalchemy\model.py", line 23, in __get__
    cls, session=cls.__fsa__.session()  # type: ignore[arg-type]
                 ^^^^^^^^^^^^^^^^^^^^^
  File "C:\Users\Omistaja\PycharmProjects\MLEngine3\.venv\Lib\site-packages\sqlalchemy\orm\scoping.py", line 220, in __call__
    sess = self.registry()
           ^^^^^^^^^^^^^^^
  File "C:\Users\Omistaja\PycharmProjects\MLEngine3\.venv\Lib\site-packages\sqlalchemy\util\_collections.py", line 632, in __call__
    key = self.scopefunc()
          ^^^^^^^^^^^^^^^^
  File "C:\Users\Omistaja\PycharmProjects\MLEngine3\.venv\Lib\site-packages\flask_sqlalchemy\session.py", line 111, in _app_ctx_id
    return id(app_ctx._get_current_object())  # type: ignore[attr-defined]
              ^^^^^^^^^^^^^^^^^^^^^^^^^^^^^
  File "C:\Users\Omistaja\PycharmProjects\MLEngine3\.venv\Lib\site-packages\werkzeug\local.py", line 508, in _get_current_object
    raise RuntimeError(unbound_message) from None
RuntimeError: Working outside of application context.

This typically means that you attempted to use functionality that needed
the current application. To solve this, set up an application context
with app.app_context(). See the documentation for more information.
]]></error>
	</testcase>
	<system-out><![CDATA[]]></system-out>
	<system-err><![CDATA[]]></system-err>
</testsuite>
