<?xml version="1.0" ?>
<testsuite name="TestRoutes.TestUsersBlueprint-20240411092159" tests="5" time="0.002" failures="0" errors="5">
	<testcase classname="TestRoutes.TestUsersBlueprint" name="test_login" time="0.001">
		<error type="TypeError" message="Config.from_object() missing 1 required positional argument: 'obj'"><![CDATA[Traceback (most recent call last):
  File "C:\Users\Omistaja\PycharmProjects\MLEngine3\backend\tests\TestRoutes.py", line 12, in setUp
    self.app.config.from_object()
TypeError: Config.from_object() missing 1 required positional argument: 'obj'
]]></error>
	</testcase>
	<testcase classname="TestRoutes.TestUsersBlueprint" name="test_login_fail" time="0.000">
		<error type="TypeError" message="Config.from_object() missing 1 required positional argument: 'obj'"><![CDATA[Traceback (most recent call last):
  File "C:\Users\Omistaja\PycharmProjects\MLEngine3\backend\tests\TestRoutes.py", line 12, in setUp
    self.app.config.from_object()
TypeError: Config.from_object() missing 1 required positional argument: 'obj'
]]></error>
	</testcase>
	<testcase classname="TestRoutes.TestUsersBlueprint" name="test_prediction" time="0.000">
		<error type="TypeError" message="Config.from_object() missing 1 required positional argument: 'obj'"><![CDATA[Traceback (most recent call last):
  File "C:\Users\Omistaja\PycharmProjects\MLEngine3\backend\tests\TestRoutes.py", line 12, in setUp
    self.app.config.from_object()
TypeError: Config.from_object() missing 1 required positional argument: 'obj'
]]></error>
	</testcase>
	<testcase classname="TestRoutes.TestUsersBlueprint" name="test_register" time="0.001">
		<error type="TypeError" message="Config.from_object() missing 1 required positional argument: 'obj'"><![CDATA[Traceback (most recent call last):
  File "C:\Users\Omistaja\PycharmProjects\MLEngine3\backend\tests\TestRoutes.py", line 12, in setUp
    self.app.config.from_object()
TypeError: Config.from_object() missing 1 required positional argument: 'obj'
]]></error>
	</testcase>
	<testcase classname="TestRoutes.TestUsersBlueprint" name="test_save" time="0.000">
		<error type="TypeError" message="Config.from_object() missing 1 required positional argument: 'obj'"><![CDATA[Traceback (most recent call last):
  File "C:\Users\Omistaja\PycharmProjects\MLEngine3\backend\tests\TestRoutes.py", line 12, in setUp
    self.app.config.from_object()
TypeError: Config.from_object() missing 1 required positional argument: 'obj'
]]></error>
	</testcase>
	<system-out><![CDATA[]]></system-out>
	<system-err><![CDATA[]]></system-err>
</testsuite>
