<?xml version="1.0" ?>
<testsuite name="TestModelCreation.TestDataPreprocessing-20240307163854" tests="3" time="0.002" failures="0" errors="0">
	<testcase classname="TestModelCreation.TestDataPreprocessing" name="test_label_encoder" time="0.001"/>
	<testcase classname="TestModelCreation.TestDataPreprocessing" name="test_scaler" time="0.001"/>
	<testcase classname="TestModelCreation.TestDataPreprocessing" name="test_tensor_conversion" time="0.000"/>
	<system-out><![CDATA[]]></system-out>
	<system-err><![CDATA[]]></system-err>
</testsuite>
<?xml version="1.0" ?>
<testsuite name="TestModelPrediction.TestModelPredictions-20240307163854" tests="1" time="0.003" failures="0" errors="0">
	<testcase classname="TestModelPrediction.TestModelPredictions" name="test_prediction_shape" time="0.003"/>
	<system-out><![CDATA[]]></system-out>
	<system-err><![CDATA[]]></system-err>
</testsuite>
<?xml version="1.0" ?>
<testsuite name="TestFlaskApi.TestFlaskAPI-20240307163854" tests="1" time="0.001" failures="0" errors="1">
	<testcase classname="TestFlaskApi.TestFlaskAPI" name="test_predict_endpoint" time="0.001">
		<error type="NameError" message="name 'apcp' is not defined"><![CDATA[Traceback (most recent call last):
  File "C:\Users\Omistaja\PycharmProjects\MLEngine\backend\tests\TestFlaskApi.py", line 12, in setUp
    self.app = apcp.test_client()
               ^^^^
NameError: name 'apcp' is not defined
]]></error>
	</testcase>
	<system-out><![CDATA[]]></system-out>
	<system-err><![CDATA[]]></system-err>
</testsuite>
